d:\khtn\cs\cs201\cs202_pj_vs\x64\debug\vc143.pdb
d:\khtn\cs\cs201\cs202_pj_vs\x64\debug\vc143.idb
d:\khtn\cs\cs201\cs202_pj_vs\x64\debug\menu.obj
d:\khtn\cs\cs201\cs202_pj_vs\x64\debug\main.obj
d:\khtn\cs\cs201\cs202_pj_vs\x64\debug\header.obj
d:\khtn\cs\cs201\cs202_pj_vs\x64\debug\cvehicle.obj
d:\khtn\cs\cs201\cs202_pj_vs\x64\debug\ctraffic.obj
d:\khtn\cs\cs201\cs202_pj_vs\x64\debug\cpeople.obj
d:\khtn\cs\cs201\cs202_pj_vs\x64\debug\console.obj
d:\khtn\cs\cs201\cs202_pj_vs\x64\debug\cobstacle.obj
d:\khtn\cs\cs201\cs202_pj_vs\x64\debug\clane.obj
d:\khtn\cs\cs201\cs202_pj_vs\x64\debug\canimal.obj
d:\khtn\cs\cs201\cs202_pj_vs\x64\debug\sound.obj
d:\khtn\cs\cs201\cs202_pj_vs\x64\debug\cgame.obj
d:\khtn\cs\cs201\cs202_pj_vs\x64\debug\cs202_pj_vs.exe
d:\khtn\cs\cs201\cs202_pj_vs\x64\debug\cs202_pj_vs.ilk
d:\khtn\cs\cs201\cs202_pj_vs\x64\debug\cs202_pj_vs.pdb
d:\khtn\cs\cs201\cs202_pj_vs\x64\debug\cs202_pj_vs.tlog\cl.command.1.tlog
d:\khtn\cs\cs201\cs202_pj_vs\x64\debug\cs202_pj_vs.tlog\cl.read.1.tlog
d:\khtn\cs\cs201\cs202_pj_vs\x64\debug\cs202_pj_vs.tlog\cl.write.1.tlog
d:\khtn\cs\cs201\cs202_pj_vs\x64\debug\cs202_pj_vs.tlog\link.command.1.tlog
d:\khtn\cs\cs201\cs202_pj_vs\x64\debug\cs202_pj_vs.tlog\link.read.1.tlog
d:\khtn\cs\cs201\cs202_pj_vs\x64\debug\cs202_pj_vs.tlog\link.write.1.tlog
